AH00558: apache2: Could not reliably determine the server's fully qualified domain name, using 172.19.0.4. Set the 'ServerName' directive globally to suppress this message
[Thu Jun 08 13:34:55.408449 2017] [mpm_prefork:notice] [pid 1] AH00163: Apache/2.4.18 (Ubuntu) configured -- resuming normal operations
[Thu Jun 08 13:34:55.409472 2017] [core:notice] [pid 1] AH00094: Command line: 'apache2 -D FOREGROUND'
[Thu Jun 08 13:43:52.913950 2017] [mpm_prefork:notice] [pid 1] AH00169: caught SIGTERM, shutting down
AH00558: apache2: Could not reliably determine the server's fully qualified domain name, using 172.19.0.4. Set the 'ServerName' directive globally to suppress this message
[Thu Jun 08 13:56:57.786659 2017] [mpm_prefork:notice] [pid 1] AH00163: Apache/2.4.18 (Ubuntu) configured -- resuming normal operations
[Thu Jun 08 13:56:57.797055 2017] [core:notice] [pid 1] AH00094: Command line: 'apache2 -D FOREGROUND'
[Thu Jun 08 14:17:04.369264 2017] [:error] [pid 7] [client 192.168.99.1:65355] PHP Fatal error:  Uncaught RuntimeException: Unable to create the store directory (/var/www/html/var/cache/production____REVISION___/html). in /var/www/html/vendor/symfony/http-kernel/HttpCache/Store.php:42\nStack trace:\n#0 /var/www/html/engine/Shopware/Components/HttpCache/Store.php(57): Symfony\\Component\\HttpKernel\\HttpCache\\Store->__construct('/var/www/html/v...')\n#1 /var/www/html/engine/Shopware/Components/HttpCache/AppCache.php(282): Shopware\\Components\\HttpCache\\Store->__construct('/var/www/html/v...', Array, true)\n#2 /var/www/html/engine/Shopware/Components/HttpCache/AppCache.php(85): Shopware\\Components\\HttpCache\\AppCache->createStore()\n#3 /var/www/html/shopware.php(100): Shopware\\Components\\HttpCache\\AppCache->__construct(Object(Shopware\\Kernel), Array)\n#4 {main}\n  thrown in /var/www/html/vendor/symfony/http-kernel/HttpCache/Store.php on line 42
[Thu Jun 08 14:17:07.969300 2017] [:error] [pid 8] [client 192.168.99.1:65361] PHP Fatal error:  Uncaught RuntimeException: Unable to create the store directory (/var/www/html/var/cache/production____REVISION___/html). in /var/www/html/vendor/symfony/http-kernel/HttpCache/Store.php:42\nStack trace:\n#0 /var/www/html/engine/Shopware/Components/HttpCache/Store.php(57): Symfony\\Component\\HttpKernel\\HttpCache\\Store->__construct('/var/www/html/v...')\n#1 /var/www/html/engine/Shopware/Components/HttpCache/AppCache.php(282): Shopware\\Components\\HttpCache\\Store->__construct('/var/www/html/v...', Array, true)\n#2 /var/www/html/engine/Shopware/Components/HttpCache/AppCache.php(85): Shopware\\Components\\HttpCache\\AppCache->createStore()\n#3 /var/www/html/shopware.php(100): Shopware\\Components\\HttpCache\\AppCache->__construct(Object(Shopware\\Kernel), Array)\n#4 {main}\n  thrown in /var/www/html/vendor/symfony/http-kernel/HttpCache/Store.php on line 42
[Thu Jun 08 14:20:23.071829 2017] [:error] [pid 9] [client 192.168.99.1:49199] PHP Fatal error:  Uncaught RuntimeException: Unable to create the store directory (/var/www/html/var/cache/production____REVISION___/html). in /var/www/html/vendor/symfony/http-kernel/HttpCache/Store.php:42\nStack trace:\n#0 /var/www/html/engine/Shopware/Components/HttpCache/Store.php(57): Symfony\\Component\\HttpKernel\\HttpCache\\Store->__construct('/var/www/html/v...')\n#1 /var/www/html/engine/Shopware/Components/HttpCache/AppCache.php(282): Shopware\\Components\\HttpCache\\Store->__construct('/var/www/html/v...', Array, true)\n#2 /var/www/html/engine/Shopware/Components/HttpCache/AppCache.php(85): Shopware\\Components\\HttpCache\\AppCache->createStore()\n#3 /var/www/html/shopware.php(100): Shopware\\Components\\HttpCache\\AppCache->__construct(Object(Shopware\\Kernel), Array)\n#4 {main}\n  thrown in /var/www/html/vendor/symfony/http-kernel/HttpCache/Store.php on line 42
[Thu Jun 08 14:43:53.179140 2017] [mpm_prefork:notice] [pid 1] AH00169: caught SIGTERM, shutting down
AH00558: apache2: Could not reliably determine the server's fully qualified domain name, using 172.19.0.4. Set the 'ServerName' directive globally to suppress this message
[Sat Jun 10 09:03:05.755354 2017] [mpm_prefork:notice] [pid 1] AH00163: Apache/2.4.18 (Ubuntu) configured -- resuming normal operations
[Sat Jun 10 09:03:05.755765 2017] [core:notice] [pid 1] AH00094: Command line: 'apache2 -D FOREGROUND'
[Sat Jun 10 09:06:32.340981 2017] [mpm_prefork:notice] [pid 1] AH00169: caught SIGTERM, shutting down
AH00558: apache2: Could not reliably determine the server's fully qualified domain name, using 172.19.0.4. Set the 'ServerName' directive globally to suppress this message
[Sat Jun 10 09:06:46.738394 2017] [mpm_prefork:notice] [pid 1] AH00163: Apache/2.4.18 (Ubuntu) configured -- resuming normal operations
[Sat Jun 10 09:06:46.738777 2017] [core:notice] [pid 1] AH00094: Command line: 'apache2 -D FOREGROUND'
[Sat Jun 10 09:08:09.266977 2017] [mpm_prefork:notice] [pid 1] AH00169: caught SIGTERM, shutting down
AH00558: apache2: Could not reliably determine the server's fully qualified domain name, using 172.19.0.4. Set the 'ServerName' directive globally to suppress this message
[Sat Jun 10 09:17:40.974013 2017] [mpm_prefork:notice] [pid 1] AH00163: Apache/2.4.18 (Ubuntu) configured -- resuming normal operations
[Sat Jun 10 09:17:40.974966 2017] [core:notice] [pid 1] AH00094: Command line: 'apache2 -D FOREGROUND'
[Sat Jun 10 09:18:13.003018 2017] [mpm_prefork:notice] [pid 1] AH00169: caught SIGTERM, shutting down
AH00558: apache2: Could not reliably determine the server's fully qualified domain name, using 172.19.0.4. Set the 'ServerName' directive globally to suppress this message
[Sat Jun 10 09:22:48.400382 2017] [mpm_prefork:notice] [pid 1] AH00163: Apache/2.4.18 (Ubuntu) configured -- resuming normal operations
[Sat Jun 10 09:22:48.400968 2017] [core:notice] [pid 1] AH00094: Command line: 'apache2 -D FOREGROUND'
[Sat Jun 10 09:24:25.011148 2017] [:error] [pid 23] [client 192.168.99.1:55505] PHP Warning:  require_once(/var/www/html/recovery/common/vendor/autoload.php): failed to open stream: No such file or directory in /var/www/html/recovery/common/autoload.php on line 30
[Sat Jun 10 09:24:25.011596 2017] [:error] [pid 23] [client 192.168.99.1:55505] PHP Fatal error:  require_once(): Failed opening required '/var/www/html/recovery/common/vendor/autoload.php' (include_path='.:/usr/share/php') in /var/www/html/recovery/common/autoload.php on line 30
[Sat Jun 10 09:24:25.778664 2017] [:error] [pid 23] [client 192.168.99.1:55505] PHP Warning:  require_once(/var/www/html/recovery/common/vendor/autoload.php): failed to open stream: No such file or directory in /var/www/html/recovery/common/autoload.php on line 30, referer: http://shopwaredemo.in/recovery/install/
[Sat Jun 10 09:24:25.779592 2017] [:error] [pid 23] [client 192.168.99.1:55505] PHP Fatal error:  require_once(): Failed opening required '/var/www/html/recovery/common/vendor/autoload.php' (include_path='.:/usr/share/php') in /var/www/html/recovery/common/autoload.php on line 30, referer: http://shopwaredemo.in/recovery/install/
[Sat Jun 10 09:25:04.668789 2017] [mpm_prefork:notice] [pid 1] AH00169: caught SIGTERM, shutting down
AH00558: apache2: Could not reliably determine the server's fully qualified domain name, using 172.19.0.4. Set the 'ServerName' directive globally to suppress this message
[Sat Jun 10 09:34:06.594937 2017] [mpm_prefork:notice] [pid 1] AH00163: Apache/2.4.18 (Ubuntu) configured -- resuming normal operations
[Sat Jun 10 09:34:06.595351 2017] [core:notice] [pid 1] AH00094: Command line: 'apache2 -D FOREGROUND'
[Sat Jun 10 09:44:54.435388 2017] [:error] [pid 579] [client 192.168.99.1:57401] PHP Fatal error:  Uncaught RuntimeException: Unable to create the store directory (/var/www/html/var/cache/production____REVISION___/html). in /var/www/html/vendor/symfony/http-kernel/HttpCache/Store.php:42\nStack trace:\n#0 /var/www/html/engine/Shopware/Components/HttpCache/Store.php(57): Symfony\\Component\\HttpKernel\\HttpCache\\Store->__construct('/var/www/html/v...')\n#1 /var/www/html/engine/Shopware/Components/HttpCache/AppCache.php(282): Shopware\\Components\\HttpCache\\Store->__construct('/var/www/html/v...', Array, true)\n#2 /var/www/html/engine/Shopware/Components/HttpCache/AppCache.php(85): Shopware\\Components\\HttpCache\\AppCache->createStore()\n#3 /var/www/html/shopware.php(100): Shopware\\Components\\HttpCache\\AppCache->__construct(Object(Shopware\\Kernel), Array)\n#4 {main}\n  thrown in /var/www/html/vendor/symfony/http-kernel/HttpCache/Store.php on line 42
[Sat Jun 10 09:52:49.192838 2017] [mpm_prefork:notice] [pid 1] AH00169: caught SIGTERM, shutting down
AH00558: apache2: Could not reliably determine the server's fully qualified domain name, using 172.19.0.4. Set the 'ServerName' directive globally to suppress this message
[Sat Jun 10 09:53:43.632004 2017] [mpm_prefork:notice] [pid 1] AH00163: Apache/2.4.18 (Ubuntu) configured -- resuming normal operations
[Sat Jun 10 09:53:43.632365 2017] [core:notice] [pid 1] AH00094: Command line: 'apache2 -D FOREGROUND'
[Sat Jun 10 09:54:17.666329 2017] [:error] [pid 6] [client 192.168.99.1:58121] PHP Fatal error:  Uncaught RuntimeException: Unable to create the store directory (/var/www/html/var/cache/production____REVISION___/html). in /var/www/html/vendor/symfony/http-kernel/HttpCache/Store.php:42\nStack trace:\n#0 /var/www/html/engine/Shopware/Components/HttpCache/Store.php(57): Symfony\\Component\\HttpKernel\\HttpCache\\Store->__construct('/var/www/html/v...')\n#1 /var/www/html/engine/Shopware/Components/HttpCache/AppCache.php(282): Shopware\\Components\\HttpCache\\Store->__construct('/var/www/html/v...', Array, true)\n#2 /var/www/html/engine/Shopware/Components/HttpCache/AppCache.php(85): Shopware\\Components\\HttpCache\\AppCache->createStore()\n#3 /var/www/html/shopware.php(100): Shopware\\Components\\HttpCache\\AppCache->__construct(Object(Shopware\\Kernel), Array)\n#4 {main}\n  thrown in /var/www/html/vendor/symfony/http-kernel/HttpCache/Store.php on line 42
[Sat Jun 10 10:16:13.222739 2017] [mpm_prefork:notice] [pid 1] AH00169: caught SIGTERM, shutting down
AH00558: apache2: Could not reliably determine the server's fully qualified domain name, using 172.19.0.4. Set the 'ServerName' directive globally to suppress this message
[Sat Jun 10 10:58:02.704000 2017] [mpm_prefork:notice] [pid 1] AH00163: Apache/2.4.18 (Ubuntu) configured -- resuming normal operations
[Sat Jun 10 10:58:02.704407 2017] [core:notice] [pid 1] AH00094: Command line: 'apache2 -D FOREGROUND'
[Sat Jun 10 10:59:47.406738 2017] [mpm_prefork:notice] [pid 1] AH00169: caught SIGTERM, shutting down
AH00558: apache2: Could not reliably determine the server's fully qualified domain name, using 172.19.0.4. Set the 'ServerName' directive globally to suppress this message
[Sat Jun 10 11:08:11.522901 2017] [mpm_prefork:notice] [pid 1] AH00163: Apache/2.4.18 (Ubuntu) configured -- resuming normal operations
[Sat Jun 10 11:08:11.523414 2017] [core:notice] [pid 1] AH00094: Command line: 'apache2 -D FOREGROUND'
[Tue Jun 13 06:28:59.931261 2017] [mpm_prefork:notice] [pid 1] AH00169: caught SIGTERM, shutting down
AH00558: apache2: Could not reliably determine the server's fully qualified domain name, using 172.19.0.4. Set the 'ServerName' directive globally to suppress this message
[Wed Jun 14 14:50:22.731848 2017] [mpm_prefork:notice] [pid 1] AH00163: Apache/2.4.18 (Ubuntu) configured -- resuming normal operations
[Wed Jun 14 14:50:22.732161 2017] [core:notice] [pid 1] AH00094: Command line: 'apache2 -D FOREGROUND'
[Wed Jun 14 14:59:35.181801 2017] [mpm_prefork:notice] [pid 1] AH00169: caught SIGTERM, shutting down
